Determining if the pthread_create exist failed with the following output:
Change Dir: /home/csmajs/jgaff001/lab-03-composite-pattern-lab_003/CMakeFiles/CMakeTmp

Run Build Command:"/opt/rh/devtoolset-6/root/usr/bin/gmake" "cmTC_38e23/fast"
/opt/rh/devtoolset-6/root/usr/bin/gmake -f CMakeFiles/cmTC_38e23.dir/build.make CMakeFiles/cmTC_38e23.dir/build
gmake[1]: Entering directory '/home/csmajs/jgaff001/lab-03-composite-pattern-lab_003/CMakeFiles/CMakeTmp'
Building C object CMakeFiles/cmTC_38e23.dir/CheckSymbolExists.c.o
/opt/rh/devtoolset-6/root/usr/bin/cc    -o CMakeFiles/cmTC_38e23.dir/CheckSymbolExists.c.o   -c /home/csmajs/jgaff001/lab-03-composite-pattern-lab_003/CMakeFiles/CMakeTmp/CheckSymbolExists.c
Linking C executable cmTC_38e23
/usr/bin/cmake3 -E cmake_link_script CMakeFiles/cmTC_38e23.dir/link.txt --verbose=1
/opt/rh/devtoolset-6/root/usr/bin/cc      -rdynamic CMakeFiles/cmTC_38e23.dir/CheckSymbolExists.c.o  -o cmTC_38e23 
CMakeFiles/cmTC_38e23.dir/CheckSymbolExists.c.o: In function `main':
CheckSymbolExists.c:(.text+0x16): undefined reference to `pthread_create'
collect2: error: ld returned 1 exit status
CMakeFiles/cmTC_38e23.dir/build.make:86: recipe for target 'cmTC_38e23' failed
gmake[1]: *** [cmTC_38e23] Error 1
gmake[1]: Leaving directory '/home/csmajs/jgaff001/lab-03-composite-pattern-lab_003/CMakeFiles/CMakeTmp'
Makefile:121: recipe for target 'cmTC_38e23/fast' failed
gmake: *** [cmTC_38e23/fast] Error 2

File /home/csmajs/jgaff001/lab-03-composite-pattern-lab_003/CMakeFiles/CMakeTmp/CheckSymbolExists.c:
/* */
#include <pthread.h>

int main(int argc, char** argv)
{
  (void)argv;
#ifndef pthread_create
  return ((int*)(&pthread_create))[argc];
#else
  (void)argc;
  return 0;
#endif
}

Determining if the function pthread_create exists in the pthreads failed with the following output:
Change Dir: /home/csmajs/jgaff001/lab-03-composite-pattern-lab_003/CMakeFiles/CMakeTmp

Run Build Command:"/opt/rh/devtoolset-6/root/usr/bin/gmake" "cmTC_1cf5a/fast"
/opt/rh/devtoolset-6/root/usr/bin/gmake -f CMakeFiles/cmTC_1cf5a.dir/build.make CMakeFiles/cmTC_1cf5a.dir/build
gmake[1]: Entering directory '/home/csmajs/jgaff001/lab-03-composite-pattern-lab_003/CMakeFiles/CMakeTmp'
Building C object CMakeFiles/cmTC_1cf5a.dir/CheckFunctionExists.c.o
/opt/rh/devtoolset-6/root/usr/bin/cc   -DCHECK_FUNCTION_EXISTS=pthread_create   -o CMakeFiles/cmTC_1cf5a.dir/CheckFunctionExists.c.o   -c /usr/share/cmake3/Modules/CheckFunctionExists.c
Linking C executable cmTC_1cf5a
/usr/bin/cmake3 -E cmake_link_script CMakeFiles/cmTC_1cf5a.dir/link.txt --verbose=1
/opt/rh/devtoolset-6/root/usr/bin/cc  -DCHECK_FUNCTION_EXISTS=pthread_create    -rdynamic CMakeFiles/cmTC_1cf5a.dir/CheckFunctionExists.c.o  -o cmTC_1cf5a -lpthreads 
/opt/rh/devtoolset-6/root/usr/libexec/gcc/x86_64-redhat-linux/6.3.1/ld: cannot find -lpthreads
collect2: error: ld returned 1 exit status
CMakeFiles/cmTC_1cf5a.dir/build.make:86: recipe for target 'cmTC_1cf5a' failed
gmake[1]: *** [cmTC_1cf5a] Error 1
gmake[1]: Leaving directory '/home/csmajs/jgaff001/lab-03-composite-pattern-lab_003/CMakeFiles/CMakeTmp'
Makefile:121: recipe for target 'cmTC_1cf5a/fast' failed
gmake: *** [cmTC_1cf5a/fast] Error 2


